<?xml version="1.0" encoding="UTF-8"?>
<!-- Generated by org.testng.reporters.JUnitReportReporter -->
<testsuite hostname="Dell" failures="0" tests="1" name="myproj.FirstProjFramework.StandAloneTest" time="0.949" errors="0" timestamp="2024-06-11T16:03:47 IST" skipped="0">
  <testcase classname="myproj.FirstProjFramework.StandAloneTest" name="loginTest" time="0.949"/>
</testsuite> <!-- myproj.FirstProjFramework.StandAloneTest -->
